[2019-06-17 19:25:48] local.ERROR: SQLSTATE[42S01]: Base table or view already exists: 1050 Table 'books' already exists (SQL: create table `books` (`id` bigint unsigned not null auto_increment primary key, `name` varchar(255) not null, `author` text not null, `created_at` timestamp null, `updated_at` timestamp null) default character set utf8mb4 collate 'utf8mb4_unicode_ci') {"exception":"[object] (Illuminate\\Database\\QueryException(code: 42S01): SQLSTATE[42S01]: Base table or view already exists: 1050 Table 'books' already exists (SQL: create table `books` (`id` bigint unsigned not null auto_increment primary key, `name` varchar(255) not null, `author` text not null, `created_at` timestamp null, `updated_at` timestamp null) default character set utf8mb4 collate 'utf8mb4_unicode_ci') at D:\\Bibliotecas\\OneDrive\\Projetos\\gapimob\\wsgapimob\\vendor\\laravel\\framework\\src\\Illuminate\\Database\\Connection.php:664, PDOException(code: 42S01): SQLSTATE[42S01]: Base table or view already exists: 1050 Table 'books' already exists at D:\\Bibliotecas\\OneDrive\\Projetos\\gapimob\\wsgapimob\\vendor\\laravel\\framework\\src\\Illuminate\\Database\\Connection.php:458)
[stacktrace]
#0 D:\\Bibliotecas\\OneDrive\\Projetos\\gapimob\\wsgapimob\\vendor\\laravel\\framework\\src\\Illuminate\\Database\\Connection.php(624): Illuminate\\Database\\Connection->runQueryCallback('create table `b...', Array, Object(Closure))
#1 D:\\Bibliotecas\\OneDrive\\Projetos\\gapimob\\wsgapimob\\vendor\\laravel\\framework\\src\\Illuminate\\Database\\Connection.php(459): Illuminate\\Database\\Connection->run('create table `b...', Array, Object(Closure))
#2 D:\\Bibliotecas\\OneDrive\\Projetos\\gapimob\\wsgapimob\\vendor\\laravel\\framework\\src\\Illuminate\\Database\\Schema\\Blueprint.php(97): Illuminate\\Database\\Connection->statement('create table `b...')
#3 D:\\Bibliotecas\\OneDrive\\Projetos\\gapimob\\wsgapimob\\vendor\\laravel\\framework\\src\\Illuminate\\Database\\Schema\\Builder.php(278): Illuminate\\Database\\Schema\\Blueprint->build(Object(Illuminate\\Database\\MySqlConnection), Object(Illuminate\\Database\\Schema\\Grammars\\MySqlGrammar))
#4 D:\\Bibliotecas\\OneDrive\\Projetos\\gapimob\\wsgapimob\\vendor\\laravel\\framework\\src\\Illuminate\\Database\\Schema\\Builder.php(167): Illuminate\\Database\\Schema\\Builder->build(Object(Illuminate\\Database\\Schema\\Blueprint))
#5 D:\\Bibliotecas\\OneDrive\\Projetos\\gapimob\\wsgapimob\\vendor\\laravel\\framework\\src\\Illuminate\\Support\\Facades\\Facade.php(237): Illuminate\\Database\\Schema\\Builder->create('books', Object(Closure))
#6 D:\\Bibliotecas\\OneDrive\\Projetos\\gapimob\\wsgapimob\\database\\migrations\\2019_06_17_192504_create_books_table.php(21): Illuminate\\Support\\Facades\\Facade::__callStatic('create', Array)
#7 D:\\Bibliotecas\\OneDrive\\Projetos\\gapimob\\wsgapimob\\vendor\\laravel\\framework\\src\\Illuminate\\Database\\Migrations\\Migrator.php(379): CreateBooksTable->up()
#8 D:\\Bibliotecas\\OneDrive\\Projetos\\gapimob\\wsgapimob\\vendor\\laravel\\framework\\src\\Illuminate\\Database\\Migrations\\Migrator.php(388): Illuminate\\Database\\Migrations\\Migrator->Illuminate\\Database\\Migrations\\{closure}()
#9 D:\\Bibliotecas\\OneDrive\\Projetos\\gapimob\\wsgapimob\\vendor\\laravel\\framework\\src\\Illuminate\\Database\\Migrations\\Migrator.php(195): Illuminate\\Database\\Migrations\\Migrator->runMigration(Object(CreateBooksTable), 'up')
#10 D:\\Bibliotecas\\OneDrive\\Projetos\\gapimob\\wsgapimob\\vendor\\laravel\\framework\\src\\Illuminate\\Database\\Migrations\\Migrator.php(162): Illuminate\\Database\\Migrations\\Migrator->runUp('D:\\\\Bibliotecas\\\\...', 3, false)
#11 D:\\Bibliotecas\\OneDrive\\Projetos\\gapimob\\wsgapimob\\vendor\\laravel\\framework\\src\\Illuminate\\Database\\Migrations\\Migrator.php(109): Illuminate\\Database\\Migrations\\Migrator->runPending(Array, Array)
#12 D:\\Bibliotecas\\OneDrive\\Projetos\\gapimob\\wsgapimob\\vendor\\laravel\\framework\\src\\Illuminate\\Database\\Console\\Migrations\\MigrateCommand.php(71): Illuminate\\Database\\Migrations\\Migrator->run(Array, Array)
#13 [internal function]: Illuminate\\Database\\Console\\Migrations\\MigrateCommand->handle()
#14 D:\\Bibliotecas\\OneDrive\\Projetos\\gapimob\\wsgapimob\\vendor\\laravel\\framework\\src\\Illuminate\\Container\\BoundMethod.php(32): call_user_func_array(Array, Array)
#15 D:\\Bibliotecas\\OneDrive\\Projetos\\gapimob\\wsgapimob\\vendor\\laravel\\framework\\src\\Illuminate\\Container\\BoundMethod.php(90): Illuminate\\Container\\BoundMethod::Illuminate\\Container\\{closure}()
#16 D:\\Bibliotecas\\OneDrive\\Projetos\\gapimob\\wsgapimob\\vendor\\laravel\\framework\\src\\Illuminate\\Container\\BoundMethod.php(34): Illuminate\\Container\\BoundMethod::callBoundMethod(Object(Illuminate\\Foundation\\Application), Array, Object(Closure))
#17 D:\\Bibliotecas\\OneDrive\\Projetos\\gapimob\\wsgapimob\\vendor\\laravel\\framework\\src\\Illuminate\\Container\\Container.php(576): Illuminate\\Container\\BoundMethod::call(Object(Illuminate\\Foundation\\Application), Array, Array, NULL)
#18 D:\\Bibliotecas\\OneDrive\\Projetos\\gapimob\\wsgapimob\\vendor\\laravel\\framework\\src\\Illuminate\\Console\\Command.php(183): Illuminate\\Container\\Container->call(Array)
#19 D:\\Bibliotecas\\OneDrive\\Projetos\\gapimob\\wsgapimob\\vendor\\symfony\\console\\Command\\Command.php(255): Illuminate\\Console\\Command->execute(Object(Symfony\\Component\\Console\\Input\\ArgvInput), Object(Illuminate\\Console\\OutputStyle))
#20 D:\\Bibliotecas\\OneDrive\\Projetos\\gapimob\\wsgapimob\\vendor\\laravel\\framework\\src\\Illuminate\\Console\\Command.php(170): Symfony\\Component\\Console\\Command\\Command->run(Object(Symfony\\Component\\Console\\Input\\ArgvInput), Object(Illuminate\\Console\\OutputStyle))
#21 D:\\Bibliotecas\\OneDrive\\Projetos\\gapimob\\wsgapimob\\vendor\\symfony\\console\\Application.php(921): Illuminate\\Console\\Command->run(Object(Symfony\\Component\\Console\\Input\\ArgvInput), Object(Symfony\\Component\\Console\\Output\\ConsoleOutput))
#22 D:\\Bibliotecas\\OneDrive\\Projetos\\gapimob\\wsgapimob\\vendor\\symfony\\console\\Application.php(273): Symfony\\Component\\Console\\Application->doRunCommand(Object(Illuminate\\Database\\Console\\Migrations\\MigrateCommand), Object(Symfony\\Component\\Console\\Input\\ArgvInput), Object(Symfony\\Component\\Console\\Output\\ConsoleOutput))
#23 D:\\Bibliotecas\\OneDrive\\Projetos\\gapimob\\wsgapimob\\vendor\\symfony\\console\\Application.php(149): Symfony\\Component\\Console\\Application->doRun(Object(Symfony\\Component\\Console\\Input\\ArgvInput), Object(Symfony\\Component\\Console\\Output\\ConsoleOutput))
#24 D:\\Bibliotecas\\OneDrive\\Projetos\\gapimob\\wsgapimob\\vendor\\laravel\\framework\\src\\Illuminate\\Console\\Application.php(90): Symfony\\Component\\Console\\Application->run(Object(Symfony\\Component\\Console\\Input\\ArgvInput), Object(Symfony\\Component\\Console\\Output\\ConsoleOutput))
#25 D:\\Bibliotecas\\OneDrive\\Projetos\\gapimob\\wsgapimob\\vendor\\laravel\\framework\\src\\Illuminate\\Foundation\\Console\\Kernel.php(133): Illuminate\\Console\\Application->run(Object(Symfony\\Component\\Console\\Input\\ArgvInput), Object(Symfony\\Component\\Console\\Output\\ConsoleOutput))
#26 D:\\Bibliotecas\\OneDrive\\Projetos\\gapimob\\wsgapimob\\artisan(37): Illuminate\\Foundation\\Console\\Kernel->handle(Object(Symfony\\Component\\Console\\Input\\ArgvInput), Object(Symfony\\Component\\Console\\Output\\ConsoleOutput))
#27 {main}
"} 
